-------------------------------------------------------------------------------
Test set: TestSuite
-------------------------------------------------------------------------------
Tests run: 3, Failures: 1, Errors: 0, Skipped: 0, Time elapsed: 14.712 s <<< FAILURE! - in TestSuite
scripts.TC1_EditUserDetails.editEmployeeDetails  Time elapsed: 13.711 s  <<< FAILURE!
java.lang.AssertionError: employeeList_SubMenu has not been clicked
	at scripts.TC1_EditUserDetails.editEmployeeDetails(TC1_EditUserDetails.java:46)

