-------------------------------------------------------------------------------
Test set: TestSuite
-------------------------------------------------------------------------------
Tests run: 1, Failures: 1, Errors: 0, Skipped: 0, Time elapsed: 18.545 s <<< FAILURE! - in TestSuite
scripts.TC1_EditUserDetails.editEmployeeDetails  Time elapsed: 10.262 s  <<< FAILURE!
java.lang.AssertionError
	at scripts.TC1_EditUserDetails.editEmployeeDetails(TC1_EditUserDetails.java:36)

