<?xml version="1.0" encoding="UTF-8"?>
<testng-results total="3" passed="3" failed="0" skipped="0">
  <reporter-output>
    <line>
      <![CDATA[forgotPassword_Link has been clicked]]>
    </line>
    <line>
      <![CDATA[Admin has been entered in UsernameTextBox]]>
    </line>
    <line>
      <![CDATA[Admin has been entered in UsernameTextBox]]>
    </line>
    <line>
      <![CDATA[admin123 has been entered in PasswordTextbox]]>
    </line>
    <line>
      <![CDATA[admin123 has been entered in PasswordTextbox]]>
    </line>
    <line>
      <![CDATA[LoginButton has been clicked]]>
    </line>
    <line>
      <![CDATA[LoginButton has been clicked]]>
    </line>
    <line>
      <![CDATA[Mouse hovered on element PIM_Module]]>
    </line>
    <line>
      <![CDATA[Mouse hovered on element PIM_Module]]>
    </line>
    <line>
      <![CDATA[employeeList_SubMenu has been clicked]]>
    </line>
  </reporter-output>
  <suite started-at="2020-10-16T22:16:01Z" name="Suite" finished-at="2020-10-16T22:16:12Z" duration-ms="11064">
    <groups>
    </groups>
    <test started-at="2020-10-16T22:16:01Z" name="Test" finished-at="2020-10-16T22:16:12Z" duration-ms="11064">
      <class name="scripts.TC3_forgotPassword">
        <test-method is-config="true" signature="handleTestScriptName(java.lang.reflect.Method)[pri:0, instance:scripts.TC3_forgotPassword@7526515b]" started-at="2020-10-16T15:16:01Z" name="handleTestScriptName" finished-at="2020-10-16T15:16:01Z" duration-ms="5" status="PASS">
          <params>
            <param index="0">
              <value>
                <![CDATA[public void scripts.TC3_forgotPassword.forgotPassword() throws java.lang.InterruptedException,org.apache.poi.EncryptedDocumentException,org.apache.poi.openxml4j.exceptions.InvalidFormatException,java.io.IOException]]>
              </value>
            </param>
          </params>
          <reporter-output>
          </reporter-output>
        </test-method> <!-- handleTestScriptName -->
        <test-method signature="forgotPassword()[pri:0, instance:scripts.TC3_forgotPassword@7526515b]" started-at="2020-10-16T15:16:01Z" name="forgotPassword" finished-at="2020-10-16T15:16:09Z" duration-ms="7826" status="PASS">
          <reporter-output>
            <line>
              <![CDATA[forgotPassword_Link has been clicked]]>
            </line>
          </reporter-output>
        </test-method> <!-- forgotPassword -->
        <test-method is-config="true" signature="postcondition(org.testng.ITestResult)[pri:0, instance:scripts.TC3_forgotPassword@7526515b]" started-at="2020-10-16T15:16:09Z" name="postcondition" finished-at="2020-10-16T15:16:09Z" duration-ms="501" status="PASS">
          <params>
            <param index="0">
              <value>
                <![CDATA[[TestResult name=forgotPassword status=SUCCESS method=TC3_forgotPassword.forgotPassword()[pri:0, instance:scripts.TC3_forgotPassword@7526515b] output=forgotPassword_Link has been clicked]]]>
              </value>
            </param>
          </params>
          <reporter-output>
          </reporter-output>
        </test-method> <!-- postcondition -->
      </class> <!-- scripts.TC3_forgotPassword -->
      <class name="scripts.TC1_EditUserDetails">
        <test-method is-config="true" signature="handleTestScriptName(java.lang.reflect.Method)[pri:0, instance:scripts.TC1_EditUserDetails@69e153c5]" started-at="2020-10-16T15:16:01Z" name="handleTestScriptName" finished-at="2020-10-16T15:16:01Z" duration-ms="5" status="PASS">
          <params>
            <param index="0">
              <value>
                <![CDATA[public void scripts.TC1_EditUserDetails.editEmployeeDetails() throws java.lang.InterruptedException,org.apache.poi.EncryptedDocumentException,org.apache.poi.openxml4j.exceptions.InvalidFormatException,java.io.IOException]]>
              </value>
            </param>
          </params>
          <reporter-output>
          </reporter-output>
        </test-method> <!-- handleTestScriptName -->
        <test-method signature="editEmployeeDetails()[pri:0, instance:scripts.TC1_EditUserDetails@69e153c5]" started-at="2020-10-16T15:16:01Z" name="editEmployeeDetails" finished-at="2020-10-16T15:16:12Z" duration-ms="11033" status="PASS">
          <reporter-output>
            <line>
              <![CDATA[Admin has been entered in UsernameTextBox]]>
            </line>
            <line>
              <![CDATA[admin123 has been entered in PasswordTextbox]]>
            </line>
            <line>
              <![CDATA[LoginButton has been clicked]]>
            </line>
            <line>
              <![CDATA[Mouse hovered on element PIM_Module]]>
            </line>
            <line>
              <![CDATA[employeeList_SubMenu has been clicked]]>
            </line>
          </reporter-output>
        </test-method> <!-- editEmployeeDetails -->
        <test-method is-config="true" signature="postcondition(org.testng.ITestResult)[pri:0, instance:scripts.TC1_EditUserDetails@69e153c5]" started-at="2020-10-16T15:16:12Z" name="postcondition" finished-at="2020-10-16T15:16:12Z" duration-ms="14" status="PASS">
          <params>
            <param index="0">
              <value>
                <![CDATA[[TestResult name=editEmployeeDetails status=SUCCESS method=TC1_EditUserDetails.editEmployeeDetails()[pri:0, instance:scripts.TC1_EditUserDetails@69e153c5] output=Admin has been entered in UsernameTextBox]]]>
              </value>
            </param>
          </params>
          <reporter-output>
          </reporter-output>
        </test-method> <!-- postcondition -->
      </class> <!-- scripts.TC1_EditUserDetails -->
      <class name="scripts.TC2_launchOrangeHRM">
        <test-method is-config="true" signature="handleTestScriptName(java.lang.reflect.Method)[pri:0, instance:scripts.TC2_launchOrangeHRM@173ed316]" started-at="2020-10-16T15:16:01Z" name="handleTestScriptName" finished-at="2020-10-16T15:16:01Z" duration-ms="5" status="PASS">
          <params>
            <param index="0">
              <value>
                <![CDATA[public void scripts.TC2_launchOrangeHRM.launchOrangeHRM() throws java.lang.InterruptedException,org.apache.poi.EncryptedDocumentException,org.apache.poi.openxml4j.exceptions.InvalidFormatException,java.io.IOException]]>
              </value>
            </param>
          </params>
          <reporter-output>
          </reporter-output>
        </test-method> <!-- handleTestScriptName -->
        <test-method signature="launchOrangeHRM()[pri:0, instance:scripts.TC2_launchOrangeHRM@173ed316]" started-at="2020-10-16T15:16:01Z" name="launchOrangeHRM" finished-at="2020-10-16T15:16:11Z" duration-ms="10486" status="PASS">
          <reporter-output>
            <line>
              <![CDATA[Admin has been entered in UsernameTextBox]]>
            </line>
            <line>
              <![CDATA[admin123 has been entered in PasswordTextbox]]>
            </line>
            <line>
              <![CDATA[LoginButton has been clicked]]>
            </line>
            <line>
              <![CDATA[Mouse hovered on element PIM_Module]]>
            </line>
          </reporter-output>
        </test-method> <!-- launchOrangeHRM -->
        <test-method is-config="true" signature="postcondition(org.testng.ITestResult)[pri:0, instance:scripts.TC2_launchOrangeHRM@173ed316]" started-at="2020-10-16T15:16:11Z" name="postcondition" finished-at="2020-10-16T15:16:12Z" duration-ms="17" status="PASS">
          <params>
            <param index="0">
              <value>
                <![CDATA[[TestResult name=launchOrangeHRM status=SUCCESS method=TC2_launchOrangeHRM.launchOrangeHRM()[pri:0, instance:scripts.TC2_launchOrangeHRM@173ed316] output=Admin has been entered in UsernameTextBox]]]>
              </value>
            </param>
          </params>
          <reporter-output>
          </reporter-output>
        </test-method> <!-- postcondition -->
      </class> <!-- scripts.TC2_launchOrangeHRM -->
    </test> <!-- Test -->
  </suite> <!-- Suite -->
</testng-results>
