<?xml version="1.0" encoding="UTF-8"?>
<!-- Generated by org.testng.reporters.JUnitXMLReporter -->
<testsuite hostname="DESKTOP-CJB6RNK" failures="0" tests="3" name="Test" time="12.823" errors="0" timestamp="5 Nov 2020 21:56:33 GMT">
  <testcase classname="scripts.TC3_forgotPassword" name="forgotPassword" time="8.056"/>
  <testcase classname="scripts.TC2_launchOrangeHRM" name="launchOrangeHRM" time="11.423"/>
  <testcase classname="scripts.TC1_EditUserDetails" name="editEmployeeDetails" time="12.752"/>
</testsuite> <!-- Test -->
