<?xml version="1.0" encoding="UTF-8"?>
<!-- Generated by org.testng.reporters.JUnitXMLReporter -->
<testsuite hostname="DESKTOP-PDEGVPD" failures="0" tests="3" name="Test" time="11.499" errors="0" timestamp="15 Oct 2020 23:11:01 GMT">
  <testcase classname="scripts.TC3_forgotPassword" name="forgotPassword" time="8.134"/>
  <testcase classname="scripts.TC2_launchOrangeHRM" name="launchOrangeHRM" time="10.753"/>
  <testcase classname="scripts.TC1_EditUserDetails" name="editEmployeeDetails" time="11.468"/>
</testsuite> <!-- Test -->
